net.fercanet.LNM_5_energy/app/build/outputs/logs/manifest-merger-release-report.txt
-- Merging decision tree log ---
manifest
ADDED from src/main/AndroidManifest.xml:2:1-38:12
	xmlns:android
		ADDED from src/main/AndroidManifest.xml:2:11-69
	package
		ADDED from src/main/AndroidManifest.xml:3:7-33
		INJECTED from src/main/AndroidManifest.xml
		INJECTED from src/main/AndroidManifest.xml
	android:versionName
		ADDED from src/main/AndroidManifest.xml:5:7-32
		INJECTED from src/main/AndroidManifest.xml
		INJECTED from src/main/AndroidManifest.xml
	android:versionCode
		ADDED from src/main/AndroidManifest.xml:4:7-30
		INJECTED from src/main/AndroidManifest.xml
		INJECTED from src/main/AndroidManifest.xml
uses-sdk
ADDED from src/main/AndroidManifest.xml:6:7-54
	android:targetSdkVersion
		INJECTED from src/main/AndroidManifest.xml
		INJECTED from src/main/AndroidManifest.xml
	android:minSdkVersion
		ADDED from src/main/AndroidManifest.xml:6:17-42
		INJECTED from src/main/AndroidManifest.xml
		INJECTED from src/main/AndroidManifest.xml
uses-permission#android.permission.VIBRATE
ADDED from src/main/AndroidManifest.xml:7:7-67
	android:name
		ADDED from src/main/AndroidManifest.xml:7:24-65
application
ADDED from src/main/AndroidManifest.xml:9:5-35:19
	android:label
		ADDED from src/main/AndroidManifest.xml:9:48-80
	android:icon
		ADDED from src/main/AndroidManifest.xml:9:18-47
activity#net.fercanet.LNM.MainMenu
ADDED from src/main/AndroidManifest.xml:10:9-15:20
	android:screenOrientation
		ADDED from src/main/AndroidManifest.xml:10:44-80
	android:name
		ADDED from src/main/AndroidManifest.xml:10:19-43
intent-filter#android.intent.action.MAIN+android.intent.category.LAUNCHER
ADDED from src/main/AndroidManifest.xml:11:13-14:29
action#android.intent.action.MAIN
ADDED from src/main/AndroidManifest.xml:12:17-69
	android:name
		ADDED from src/main/AndroidManifest.xml:12:25-66
category#android.intent.category.LAUNCHER
ADDED from src/main/AndroidManifest.xml:13:17-77
	android:name
		ADDED from src/main/AndroidManifest.xml:13:27-74
activity#net.fercanet.LNM.Game
ADDED from src/main/AndroidManifest.xml:16:9-21:20
	android:name
		ADDED from src/main/AndroidManifest.xml:16:19-39
intent-filter#android.intent.action.MAIN+android.intent.category.DEFAULT
ADDED from src/main/AndroidManifest.xml:17:13-20:29
category#android.intent.category.DEFAULT
ADDED from src/main/AndroidManifest.xml:19:17-76
	android:name
		ADDED from src/main/AndroidManifest.xml:19:27-73
activity#net.fercanet.LNM.Hof
ADDED from src/main/AndroidManifest.xml:22:9-27:20
	android:screenOrientation
		ADDED from src/main/AndroidManifest.xml:22:39-75
	android:name
		ADDED from src/main/AndroidManifest.xml:22:19-38
activity#net.fercanet.LNM.Settings
ADDED from src/main/AndroidManifest.xml:28:9-33:20
	android:screenOrientation
		ADDED from src/main/AndroidManifest.xml:28:44-80
	android:name
		ADDED from src/main/AndroidManifest.xml:28:19-43